<?xml version="1.0" encoding="UTF-8"?>
<!-- Generated by org.testng.reporters.JUnitXMLReporter -->
<testsuite ignored="28" hostname="DESKTOP-SOTA0LM" failures="1" tests="4" name="Sanity" time="45.36" errors="0" timestamp="2022-09-11T18:59:37 EDT">
  <testcase classname="com.qstore.cases.LoginPageTest" name="loginTest" time="5.67"/>
  <testcase classname="com.qstore.cases.LoginPageTest" name="loginTest" time="2.677">
    <failure type="java.lang.AssertionError" message="expected [http://automationpractice.com/index.php?controller=my-account] but found [http://automationpractice.com/index.php?controller=authentication]">
      <![CDATA[java.lang.AssertionError: expected [http://automationpractice.com/index.php?controller=my-account] but found [http://automationpractice.com/index.php?controller=authentication]
at com.qstore.cases.LoginPageTest.loginTest(LoginPageTest.java:44)
at java.base/java.util.ArrayList.forEach(ArrayList.java:1541)
... Removed 33 stack frames]]>
    </failure>
  </testcase> <!-- loginTest -->
  <testcase classname="com.qstore.cases.AddToCartPageTest" name="addToCartTest" time="7.673"/>
  <testcase classname="com.qstore.cases.AccountCreationPageTest" name="verifyAccountCreationTest" time="7.205"/>
  <testcase classname="com.qstore.base.Base" name="@BeforeTest loadingConfig" time="0.0">
    <ignored/>
  </testcase> <!-- @BeforeTest loadingConfig -->
  <testcase classname="com.qstore.base.Base" name="@AfterSuite afterSuite" time="0.0">
    <ignored/>
  </testcase> <!-- @AfterSuite afterSuite -->
  <testcase classname="com.qstore.base.Base" name="@AfterSuite afterSuite" time="0.0">
    <ignored/>
  </testcase> <!-- @AfterSuite afterSuite -->
  <testcase classname="com.qstore.base.Base" name="@BeforeSuite beforeSuite" time="0.0">
    <ignored/>
  </testcase> <!-- @BeforeSuite beforeSuite -->
  <testcase classname="com.qstore.base.Base" name="@BeforeTest loadingConfig" time="0.0">
    <ignored/>
  </testcase> <!-- @BeforeTest loadingConfig -->
  <testcase classname="com.qstore.base.Base" name="@BeforeSuite beforeSuite" time="0.0">
    <ignored/>
  </testcase> <!-- @BeforeSuite beforeSuite -->
  <testcase classname="com.qstore.base.Base" name="@BeforeSuite beforeSuite" time="0.0">
    <ignored/>
  </testcase> <!-- @BeforeSuite beforeSuite -->
  <testcase classname="com.qstore.base.Base" name="@BeforeTest loadingConfig" time="0.0">
    <ignored/>
  </testcase> <!-- @BeforeTest loadingConfig -->
  <testcase classname="com.qstore.base.Base" name="@AfterSuite afterSuite" time="0.0">
    <ignored/>
  </testcase> <!-- @AfterSuite afterSuite -->
  <testcase classname="com.qstore.base.Base" name="@BeforeTest loadingConfig" time="0.0">
    <ignored/>
  </testcase> <!-- @BeforeTest loadingConfig -->
  <testcase classname="com.qstore.cases.IndexPageTest" name="verifyTitle" time="0.0">
    <ignored/>
  </testcase> <!-- verifyTitle -->
  <testcase classname="com.qstore.base.Base" name="@AfterSuite afterSuite" time="0.0">
    <ignored/>
  </testcase> <!-- @AfterSuite afterSuite -->
  <testcase classname="com.qstore.base.Base" name="@BeforeSuite beforeSuite" time="0.0">
    <ignored/>
  </testcase> <!-- @BeforeSuite beforeSuite -->
  <testcase classname="com.qstore.base.Base" name="@BeforeTest loadingConfig" time="0.0">
    <ignored/>
  </testcase> <!-- @BeforeTest loadingConfig -->
  <testcase classname="com.qstore.base.Base" name="@AfterSuite afterSuite" time="0.0">
    <ignored/>
  </testcase> <!-- @AfterSuite afterSuite -->
  <testcase classname="com.qstore.base.Base" name="@AfterSuite afterSuite" time="0.0">
    <ignored/>
  </testcase> <!-- @AfterSuite afterSuite -->
  <testcase classname="com.qstore.cases.IndexPageTest" name="verifyLogo" time="0.0">
    <ignored/>
  </testcase> <!-- verifyLogo -->
  <testcase classname="com.qstore.cases.HomePageTest" name="orderHistoryandDetailsTest" time="0.0">
    <ignored/>
  </testcase> <!-- orderHistoryandDetailsTest -->
  <testcase classname="com.qstore.base.Base" name="@BeforeTest loadingConfig" time="0.0">
    <ignored/>
  </testcase> <!-- @BeforeTest loadingConfig -->
  <testcase classname="com.qstore.base.Base" name="@BeforeSuite beforeSuite" time="0.0">
    <ignored/>
  </testcase> <!-- @BeforeSuite beforeSuite -->
  <testcase classname="com.qstore.cases.SearchResultPageTest" name="productAvailabilityTest" time="0.0">
    <ignored/>
  </testcase> <!-- productAvailabilityTest -->
  <testcase classname="com.qstore.base.Base" name="@BeforeTest loadingConfig" time="0.0">
    <ignored/>
  </testcase> <!-- @BeforeTest loadingConfig -->
  <testcase classname="com.qstore.cases.HomePageTest" name="wishListTest" time="0.0">
    <ignored/>
  </testcase> <!-- wishListTest -->
  <testcase classname="com.qstore.base.Base" name="@BeforeSuite beforeSuite" time="0.0">
    <ignored/>
  </testcase> <!-- @BeforeSuite beforeSuite -->
  <testcase classname="com.qstore.cases.OrderPageTest" name="verifyTotalPrice" time="0.0">
    <ignored/>
  </testcase> <!-- verifyTotalPrice -->
  <testcase classname="com.qstore.base.Base" name="@BeforeSuite beforeSuite" time="0.0">
    <ignored/>
  </testcase> <!-- @BeforeSuite beforeSuite -->
  <testcase classname="com.qstore.cases.EndToEndTest" name="endToEndTest" time="0.0">
    <ignored/>
  </testcase> <!-- endToEndTest -->
  <testcase classname="com.qstore.base.Base" name="@AfterSuite afterSuite" time="0.0">
    <ignored/>
  </testcase> <!-- @AfterSuite afterSuite -->
</testsuite> <!-- Sanity -->
