<?xml version="1.0" encoding="UTF-8"?>
<testng-results ignored="14" total="27" passed="10" failed="3" skipped="0">
  <reporter-output>
  </reporter-output>
  <suite started-at="2022-09-17T12:28:19 EDT" name="Suite" finished-at="2022-09-17T12:31:38 EDT" duration-ms="199001">
    <groups>
      <group name="Sanity">
        <method signature="AccountCreationPageTest.verifyAccountCreationTest(java.lang.String)[pri:0, instance:com.qstore.cases.AccountCreationPageTest@74d1dc36]" name="verifyAccountCreationTest" class="com.qstore.cases.AccountCreationPageTest"/>
        <method signature="AddToCartPageTest.addToCartTest(java.lang.String)[pri:0, instance:com.qstore.cases.AddToCartPageTest@2034b64c]" name="addToCartTest" class="com.qstore.cases.AddToCartPageTest"/>
        <method signature="LoginPageTest.loginTest(java.lang.String,java.lang.String)[pri:0, instance:com.qstore.cases.LoginPageTest@58cbafc2]" name="loginTest" class="com.qstore.cases.LoginPageTest"/>
      </group> <!-- Sanity -->
      <group name="Regression">
        <method signature="AddToCartPageTest.addToCartTest(java.lang.String)[pri:0, instance:com.qstore.cases.AddToCartPageTest@2034b64c]" name="addToCartTest" class="com.qstore.cases.AddToCartPageTest"/>
        <method signature="EndToEndTest.endToEndTest(java.lang.String)[pri:0, instance:com.qstore.cases.EndToEndTest@7161d8d1]" name="endToEndTest" class="com.qstore.cases.EndToEndTest"/>
        <method signature="OrderPageTest.verifyTotalPrice(java.lang.String)[pri:0, instance:com.qstore.cases.OrderPageTest@1ca3b418]" name="verifyTotalPrice" class="com.qstore.cases.OrderPageTest"/>
      </group> <!-- Regression -->
      <group name="Smoke">
        <method signature="HomePageTest.orderHistoryandDetailsTest(java.lang.String,java.lang.String)[pri:0, instance:com.qstore.cases.HomePageTest@235ecd9f]" name="orderHistoryandDetailsTest" class="com.qstore.cases.HomePageTest"/>
        <method signature="HomePageTest.wishListTest(java.lang.String,java.lang.String)[pri:0, instance:com.qstore.cases.HomePageTest@235ecd9f]" name="wishListTest" class="com.qstore.cases.HomePageTest"/>
        <method signature="IndexPageTest.verifyLogo()[pri:0, instance:com.qstore.cases.IndexPageTest@75d3a5e0]" name="verifyLogo" class="com.qstore.cases.IndexPageTest"/>
        <method signature="IndexPageTest.verifyTitle()[pri:0, instance:com.qstore.cases.IndexPageTest@75d3a5e0]" name="verifyTitle" class="com.qstore.cases.IndexPageTest"/>
        <method signature="LoginPageTest.loginTest(java.lang.String,java.lang.String)[pri:0, instance:com.qstore.cases.LoginPageTest@58cbafc2]" name="loginTest" class="com.qstore.cases.LoginPageTest"/>
        <method signature="SearchResultPageTest.productAvailabilityTest(java.lang.String)[pri:0, instance:com.qstore.cases.SearchResultPageTest@793f29ff]" name="productAvailabilityTest" class="com.qstore.cases.SearchResultPageTest"/>
      </group> <!-- Smoke -->
    </groups>
    <test started-at="2022-09-17T12:28:19 EDT" name="Test_All" finished-at="2022-09-17T12:31:38 EDT" duration-ms="199001">
      <class name="com.qstore.cases.IndexPageTest">
        <test-method is-config="true" signature="setup(java.lang.String)[pri:0, instance:com.qstore.cases.IndexPageTest@75d3a5e0]" started-at="2022-09-17T12:30:32 EDT" name="setup" finished-at="2022-09-17T12:30:34 EDT" duration-ms="2890" status="PASS">
          <params>
            <param index="0">
              <value>
                <![CDATA[Chrome]]>
              </value>
            </param>
          </params>
          <reporter-output>
          </reporter-output>
        </test-method> <!-- setup -->
        <test-method signature="verifyLogo()[pri:0, instance:com.qstore.cases.IndexPageTest@75d3a5e0]" started-at="2022-09-17T12:30:34 EDT" name="verifyLogo" finished-at="2022-09-17T12:30:35 EDT" duration-ms="70" status="PASS">
          <reporter-output>
          </reporter-output>
        </test-method> <!-- verifyLogo -->
        <test-method is-config="true" signature="ending()[pri:0, instance:com.qstore.cases.IndexPageTest@75d3a5e0]" started-at="2022-09-17T12:30:35 EDT" name="ending" finished-at="2022-09-17T12:30:36 EDT" duration-ms="1005" status="PASS">
          <reporter-output>
          </reporter-output>
        </test-method> <!-- ending -->
        <test-method is-config="true" signature="setup(java.lang.String)[pri:0, instance:com.qstore.cases.IndexPageTest@75d3a5e0]" started-at="2022-09-17T12:30:36 EDT" name="setup" finished-at="2022-09-17T12:30:40 EDT" duration-ms="4177" status="PASS">
          <params>
            <param index="0">
              <value>
                <![CDATA[Chrome]]>
              </value>
            </param>
          </params>
          <reporter-output>
          </reporter-output>
        </test-method> <!-- setup -->
        <test-method signature="verifyTitle()[pri:0, instance:com.qstore.cases.IndexPageTest@75d3a5e0]" started-at="2022-09-17T12:30:40 EDT" name="verifyTitle" finished-at="2022-09-17T12:30:40 EDT" duration-ms="9" status="PASS">
          <reporter-output>
          </reporter-output>
        </test-method> <!-- verifyTitle -->
        <test-method is-config="true" signature="ending()[pri:0, instance:com.qstore.cases.IndexPageTest@75d3a5e0]" started-at="2022-09-17T12:30:40 EDT" name="ending" finished-at="2022-09-17T12:30:41 EDT" duration-ms="972" status="PASS">
          <reporter-output>
          </reporter-output>
        </test-method> <!-- ending -->
      </class> <!-- com.qstore.cases.IndexPageTest -->
      <class name="com.qstore.cases.AccountCreationPageTest">
        <test-method is-config="true" signature="setup(java.lang.String)[pri:0, instance:com.qstore.cases.AccountCreationPageTest@74d1dc36]" started-at="2022-09-17T12:30:41 EDT" name="setup" finished-at="2022-09-17T12:30:44 EDT" duration-ms="3260" status="PASS">
          <params>
            <param index="0">
              <value>
                <![CDATA[Chrome]]>
              </value>
            </param>
          </params>
          <reporter-output>
          </reporter-output>
        </test-method> <!-- setup -->
        <test-method signature="verifyAccountCreationTest(java.lang.String)[pri:0, instance:com.qstore.cases.AccountCreationPageTest@74d1dc36]" started-at="2022-09-17T12:30:44 EDT" name="verifyAccountCreationTest" data-provider="email" finished-at="2022-09-17T12:30:48 EDT" duration-ms="3969" status="PASS">
          <params>
            <param index="0">
              <value>
                <![CDATA[someeeee@gmail.com]]>
              </value>
            </param>
          </params>
          <reporter-output>
          </reporter-output>
        </test-method> <!-- verifyAccountCreationTest -->
        <test-method is-config="true" signature="ending()[pri:0, instance:com.qstore.cases.AccountCreationPageTest@74d1dc36]" started-at="2022-09-17T12:30:48 EDT" name="ending" finished-at="2022-09-17T12:30:49 EDT" duration-ms="1116" status="PASS">
          <reporter-output>
          </reporter-output>
        </test-method> <!-- ending -->
      </class> <!-- com.qstore.cases.AccountCreationPageTest -->
      <class name="com.qstore.cases.HomePageTest">
        <test-method is-config="true" signature="setup(java.lang.String)[pri:0, instance:com.qstore.cases.HomePageTest@235ecd9f]" started-at="2022-09-17T12:28:30 EDT" name="setup" finished-at="2022-09-17T12:28:34 EDT" duration-ms="3533" status="PASS">
          <params>
            <param index="0">
              <value>
                <![CDATA[Chrome]]>
              </value>
            </param>
          </params>
          <reporter-output>
          </reporter-output>
        </test-method> <!-- setup -->
        <test-method signature="orderHistoryandDetailsTest(java.lang.String,java.lang.String)[pri:0, instance:com.qstore.cases.HomePageTest@235ecd9f]" started-at="2022-09-17T12:28:34 EDT" name="orderHistoryandDetailsTest" data-provider="credentials" finished-at="2022-09-17T12:28:44 EDT" duration-ms="10521" status="PASS">
          <params>
            <param index="0">
              <value>
                <![CDATA[admin@xyz.com]]>
              </value>
            </param>
            <param index="1">
              <value>
                <![CDATA[admin@123]]>
              </value>
            </param>
          </params>
          <reporter-output>
          </reporter-output>
        </test-method> <!-- orderHistoryandDetailsTest -->
        <test-method is-config="true" signature="ending()[pri:0, instance:com.qstore.cases.HomePageTest@235ecd9f]" started-at="2022-09-17T12:28:44 EDT" name="ending" finished-at="2022-09-17T12:28:45 EDT" duration-ms="1151" status="PASS">
          <reporter-output>
          </reporter-output>
        </test-method> <!-- ending -->
        <test-method is-config="true" signature="setup(java.lang.String)[pri:0, instance:com.qstore.cases.HomePageTest@235ecd9f]" started-at="2022-09-17T12:28:45 EDT" name="setup" finished-at="2022-09-17T12:28:52 EDT" duration-ms="6540" status="PASS">
          <params>
            <param index="0">
              <value>
                <![CDATA[Chrome]]>
              </value>
            </param>
          </params>
          <reporter-output>
          </reporter-output>
        </test-method> <!-- setup -->
        <test-method signature="orderHistoryandDetailsTest(java.lang.String,java.lang.String)[pri:0, instance:com.qstore.cases.HomePageTest@235ecd9f]" started-at="2022-09-17T12:28:52 EDT" name="orderHistoryandDetailsTest" data-provider="credentials" finished-at="2022-09-17T12:29:06 EDT" duration-ms="14565" status="FAIL">
          <params>
            <param index="0">
              <value>
                <![CDATA[]]>
              </value>
            </param>
            <param index="1">
              <value>
                <![CDATA[]]>
              </value>
            </param>
          </params>
          <exception class="org.openqa.selenium.NoSuchElementException">
            <message>
              <![CDATA[no such element: Unable to locate element: {"method":"xpath","selector":"//span[.='Order history and details']"}
  (Session info: chrome=105.0.5195.127)
For documentation on this error, please visit: https://www.seleniumhq.org/exceptions/no_such_element.html
Build info: version: '3.141.59', revision: 'e82be7d358', time: '2018-11-14T08:17:03'
System info: host: 'DESKTOP-SOTA0LM', ip: '192.168.10.2', os.name: 'Windows 10', os.arch: 'amd64', os.version: '10.0', java.version: '11.0.15'
Driver info: org.openqa.selenium.chrome.ChromeDriver
Capabilities {acceptInsecureCerts: false, browserName: chrome, browserVersion: 105.0.5195.127, chrome: {chromedriverVersion: 105.0.5195.52 (412c95e51883..., userDataDir: C:\Users\shvet\AppData\Loca...}, goog:chromeOptions: {debuggerAddress: localhost:61843}, javascriptEnabled: true, networkConnectionEnabled: false, pageLoadStrategy: normal, platform: WINDOWS, platformName: WINDOWS, proxy: Proxy(), setWindowRect: true, strictFileInteractability: false, timeouts: {implicit: 0, pageLoad: 300000, script: 30000}, unhandledPromptBehavior: dismiss and notify, webauthn:extension:credBlob: true, webauthn:extension:largeBlob: true, webauthn:virtualAuthenticators: true}
Session ID: fcf7fd91f985d042d0de18c663fbd842
*** Element info: {Using=xpath, value=//span[.='Order history and details']}]]>
            </message>
            <full-stacktrace>
              <![CDATA[org.openqa.selenium.NoSuchElementException: no such element: Unable to locate element: {"method":"xpath","selector":"//span[.='Order history and details']"}
  (Session info: chrome=105.0.5195.127)
For documentation on this error, please visit: https://www.seleniumhq.org/exceptions/no_such_element.html
Build info: version: '3.141.59', revision: 'e82be7d358', time: '2018-11-14T08:17:03'
System info: host: 'DESKTOP-SOTA0LM', ip: '192.168.10.2', os.name: 'Windows 10', os.arch: 'amd64', os.version: '10.0', java.version: '11.0.15'
Driver info: org.openqa.selenium.chrome.ChromeDriver
Capabilities {acceptInsecureCerts: false, browserName: chrome, browserVersion: 105.0.5195.127, chrome: {chromedriverVersion: 105.0.5195.52 (412c95e51883..., userDataDir: C:\Users\shvet\AppData\Loca...}, goog:chromeOptions: {debuggerAddress: localhost:61843}, javascriptEnabled: true, networkConnectionEnabled: false, pageLoadStrategy: normal, platform: WINDOWS, platformName: WINDOWS, proxy: Proxy(), setWindowRect: true, strictFileInteractability: false, timeouts: {implicit: 0, pageLoad: 300000, script: 30000}, unhandledPromptBehavior: dismiss and notify, webauthn:extension:credBlob: true, webauthn:extension:largeBlob: true, webauthn:virtualAuthenticators: true}
Session ID: fcf7fd91f985d042d0de18c663fbd842
*** Element info: {Using=xpath, value=//span[.='Order history and details']}
at java.base/jdk.internal.reflect.NativeConstructorAccessorImpl.newInstance0(Native Method)
at java.base/jdk.internal.reflect.NativeConstructorAccessorImpl.newInstance(NativeConstructorAccessorImpl.java:62)
at java.base/jdk.internal.reflect.DelegatingConstructorAccessorImpl.newInstance(DelegatingConstructorAccessorImpl.java:45)
at java.base/java.lang.reflect.Constructor.newInstance(Constructor.java:490)
at org.openqa.selenium.remote.http.W3CHttpResponseCodec.createException(W3CHttpResponseCodec.java:187)
at org.openqa.selenium.remote.http.W3CHttpResponseCodec.decode(W3CHttpResponseCodec.java:122)
at org.openqa.selenium.remote.http.W3CHttpResponseCodec.decode(W3CHttpResponseCodec.java:49)
at org.openqa.selenium.remote.HttpCommandExecutor.execute(HttpCommandExecutor.java:158)
at org.openqa.selenium.remote.service.DriverCommandExecutor.execute(DriverCommandExecutor.java:83)
at org.openqa.selenium.remote.RemoteWebDriver.execute(RemoteWebDriver.java:552)
at org.openqa.selenium.remote.RemoteWebDriver.findElement(RemoteWebDriver.java:323)
at org.openqa.selenium.remote.RemoteWebDriver.findElementByXPath(RemoteWebDriver.java:428)
at org.openqa.selenium.By$ByXPath.findElement(By.java:353)
at org.openqa.selenium.remote.RemoteWebDriver.findElement(RemoteWebDriver.java:315)
at org.openqa.selenium.support.pagefactory.DefaultElementLocator.findElement(DefaultElementLocator.java:69)
at org.openqa.selenium.support.pagefactory.internal.LocatingElementHandler.invoke(LocatingElementHandler.java:38)
at com.sun.proxy.$Proxy16.isDisplayed(Unknown Source)
at com.qstore.pages.HomePage.verifyOrderHistory(HomePage.java:25)
at com.qstore.cases.HomePageTest.orderHistoryandDetailsTest(HomePageTest.java:50)
at java.base/jdk.internal.reflect.NativeMethodAccessorImpl.invoke0(Native Method)
at java.base/jdk.internal.reflect.NativeMethodAccessorImpl.invoke(NativeMethodAccessorImpl.java:62)
at java.base/jdk.internal.reflect.DelegatingMethodAccessorImpl.invoke(DelegatingMethodAccessorImpl.java:43)
at java.base/java.lang.reflect.Method.invoke(Method.java:566)
at org.testng.internal.invokers.MethodInvocationHelper.invokeMethod(MethodInvocationHelper.java:139)
at org.testng.internal.invokers.TestInvoker.invokeMethod(TestInvoker.java:677)
at org.testng.internal.invokers.TestInvoker.invokeTestMethod(TestInvoker.java:221)
at org.testng.internal.invokers.MethodRunner.runInSequence(MethodRunner.java:50)
at org.testng.internal.invokers.TestInvoker$MethodInvocationAgent.invoke(TestInvoker.java:962)
at org.testng.internal.invokers.TestInvoker.invokeTestMethods(TestInvoker.java:194)
at org.testng.internal.invokers.TestMethodWorker.invokeTestMethods(TestMethodWorker.java:148)
at org.testng.internal.invokers.TestMethodWorker.run(TestMethodWorker.java:128)
at java.base/java.util.ArrayList.forEach(ArrayList.java:1541)
at org.testng.TestRunner.privateRun(TestRunner.java:806)
at org.testng.TestRunner.run(TestRunner.java:601)
at org.testng.SuiteRunner.runTest(SuiteRunner.java:433)
at org.testng.SuiteRunner.runSequentially(SuiteRunner.java:427)
at org.testng.SuiteRunner.privateRun(SuiteRunner.java:387)
at org.testng.SuiteRunner.run(SuiteRunner.java:330)
at org.testng.SuiteRunnerWorker.runSuite(SuiteRunnerWorker.java:52)
at org.testng.SuiteRunnerWorker.run(SuiteRunnerWorker.java:95)
at org.testng.TestNG.runSuitesSequentially(TestNG.java:1256)
at org.testng.TestNG.runSuitesLocally(TestNG.java:1176)
at org.testng.TestNG.runSuites(TestNG.java:1099)
at org.testng.TestNG.run(TestNG.java:1067)
at org.testng.remote.AbstractRemoteTestNG.run(AbstractRemoteTestNG.java:115)
at org.testng.remote.RemoteTestNG.initAndRun(RemoteTestNG.java:251)
at org.testng.remote.RemoteTestNG.main(RemoteTestNG.java:77)
]]>
            </full-stacktrace>
          </exception> <!-- org.openqa.selenium.NoSuchElementException -->
          <reporter-output>
          </reporter-output>
        </test-method> <!-- orderHistoryandDetailsTest -->
        <test-method is-config="true" signature="ending()[pri:0, instance:com.qstore.cases.HomePageTest@235ecd9f]" started-at="2022-09-17T12:29:07 EDT" name="ending" finished-at="2022-09-17T12:29:08 EDT" duration-ms="1048" status="PASS">
          <reporter-output>
          </reporter-output>
        </test-method> <!-- ending -->
        <test-method is-config="true" signature="setup(java.lang.String)[pri:0, instance:com.qstore.cases.HomePageTest@235ecd9f]" started-at="2022-09-17T12:29:08 EDT" name="setup" finished-at="2022-09-17T12:29:11 EDT" duration-ms="3111" status="PASS">
          <params>
            <param index="0">
              <value>
                <![CDATA[Chrome]]>
              </value>
            </param>
          </params>
          <reporter-output>
          </reporter-output>
        </test-method> <!-- setup -->
        <test-method signature="wishListTest(java.lang.String,java.lang.String)[pri:0, instance:com.qstore.cases.HomePageTest@235ecd9f]" started-at="2022-09-17T12:29:11 EDT" name="wishListTest" data-provider="credentials" finished-at="2022-09-17T12:29:16 EDT" duration-ms="5520" status="PASS">
          <params>
            <param index="0">
              <value>
                <![CDATA[admin@xyz.com]]>
              </value>
            </param>
            <param index="1">
              <value>
                <![CDATA[admin@123]]>
              </value>
            </param>
          </params>
          <reporter-output>
          </reporter-output>
        </test-method> <!-- wishListTest -->
        <test-method is-config="true" signature="ending()[pri:0, instance:com.qstore.cases.HomePageTest@235ecd9f]" started-at="2022-09-17T12:29:16 EDT" name="ending" finished-at="2022-09-17T12:29:18 EDT" duration-ms="1047" status="PASS">
          <reporter-output>
          </reporter-output>
        </test-method> <!-- ending -->
        <test-method is-config="true" signature="setup(java.lang.String)[pri:0, instance:com.qstore.cases.HomePageTest@235ecd9f]" started-at="2022-09-17T12:29:18 EDT" name="setup" finished-at="2022-09-17T12:29:22 EDT" duration-ms="4453" status="PASS">
          <params>
            <param index="0">
              <value>
                <![CDATA[Chrome]]>
              </value>
            </param>
          </params>
          <reporter-output>
          </reporter-output>
        </test-method> <!-- setup -->
        <test-method signature="wishListTest(java.lang.String,java.lang.String)[pri:0, instance:com.qstore.cases.HomePageTest@235ecd9f]" started-at="2022-09-17T12:29:22 EDT" name="wishListTest" data-provider="credentials" finished-at="2022-09-17T12:29:37 EDT" duration-ms="14711" status="FAIL">
          <params>
            <param index="0">
              <value>
                <![CDATA[]]>
              </value>
            </param>
            <param index="1">
              <value>
                <![CDATA[]]>
              </value>
            </param>
          </params>
          <exception class="org.openqa.selenium.NoSuchElementException">
            <message>
              <![CDATA[no such element: Unable to locate element: {"method":"xpath","selector":"//span[.='My wishlists']"}
  (Session info: chrome=105.0.5195.127)
For documentation on this error, please visit: https://www.seleniumhq.org/exceptions/no_such_element.html
Build info: version: '3.141.59', revision: 'e82be7d358', time: '2018-11-14T08:17:03'
System info: host: 'DESKTOP-SOTA0LM', ip: '192.168.10.2', os.name: 'Windows 10', os.arch: 'amd64', os.version: '10.0', java.version: '11.0.15'
Driver info: org.openqa.selenium.chrome.ChromeDriver
Capabilities {acceptInsecureCerts: false, browserName: chrome, browserVersion: 105.0.5195.127, chrome: {chromedriverVersion: 105.0.5195.52 (412c95e51883..., userDataDir: C:\Users\shvet\AppData\Loca...}, goog:chromeOptions: {debuggerAddress: localhost:61903}, javascriptEnabled: true, networkConnectionEnabled: false, pageLoadStrategy: normal, platform: WINDOWS, platformName: WINDOWS, proxy: Proxy(), setWindowRect: true, strictFileInteractability: false, timeouts: {implicit: 0, pageLoad: 300000, script: 30000}, unhandledPromptBehavior: dismiss and notify, webauthn:extension:credBlob: true, webauthn:extension:largeBlob: true, webauthn:virtualAuthenticators: true}
Session ID: dde70903b129c8b63c87e330a42d6899
*** Element info: {Using=xpath, value=//span[.='My wishlists']}]]>
            </message>
            <full-stacktrace>
              <![CDATA[org.openqa.selenium.NoSuchElementException: no such element: Unable to locate element: {"method":"xpath","selector":"//span[.='My wishlists']"}
  (Session info: chrome=105.0.5195.127)
For documentation on this error, please visit: https://www.seleniumhq.org/exceptions/no_such_element.html
Build info: version: '3.141.59', revision: 'e82be7d358', time: '2018-11-14T08:17:03'
System info: host: 'DESKTOP-SOTA0LM', ip: '192.168.10.2', os.name: 'Windows 10', os.arch: 'amd64', os.version: '10.0', java.version: '11.0.15'
Driver info: org.openqa.selenium.chrome.ChromeDriver
Capabilities {acceptInsecureCerts: false, browserName: chrome, browserVersion: 105.0.5195.127, chrome: {chromedriverVersion: 105.0.5195.52 (412c95e51883..., userDataDir: C:\Users\shvet\AppData\Loca...}, goog:chromeOptions: {debuggerAddress: localhost:61903}, javascriptEnabled: true, networkConnectionEnabled: false, pageLoadStrategy: normal, platform: WINDOWS, platformName: WINDOWS, proxy: Proxy(), setWindowRect: true, strictFileInteractability: false, timeouts: {implicit: 0, pageLoad: 300000, script: 30000}, unhandledPromptBehavior: dismiss and notify, webauthn:extension:credBlob: true, webauthn:extension:largeBlob: true, webauthn:virtualAuthenticators: true}
Session ID: dde70903b129c8b63c87e330a42d6899
*** Element info: {Using=xpath, value=//span[.='My wishlists']}
at java.base/jdk.internal.reflect.NativeConstructorAccessorImpl.newInstance0(Native Method)
at java.base/jdk.internal.reflect.NativeConstructorAccessorImpl.newInstance(NativeConstructorAccessorImpl.java:62)
at java.base/jdk.internal.reflect.DelegatingConstructorAccessorImpl.newInstance(DelegatingConstructorAccessorImpl.java:45)
at java.base/java.lang.reflect.Constructor.newInstance(Constructor.java:490)
at org.openqa.selenium.remote.http.W3CHttpResponseCodec.createException(W3CHttpResponseCodec.java:187)
at org.openqa.selenium.remote.http.W3CHttpResponseCodec.decode(W3CHttpResponseCodec.java:122)
at org.openqa.selenium.remote.http.W3CHttpResponseCodec.decode(W3CHttpResponseCodec.java:49)
at org.openqa.selenium.remote.HttpCommandExecutor.execute(HttpCommandExecutor.java:158)
at org.openqa.selenium.remote.service.DriverCommandExecutor.execute(DriverCommandExecutor.java:83)
at org.openqa.selenium.remote.RemoteWebDriver.execute(RemoteWebDriver.java:552)
at org.openqa.selenium.remote.RemoteWebDriver.findElement(RemoteWebDriver.java:323)
at org.openqa.selenium.remote.RemoteWebDriver.findElementByXPath(RemoteWebDriver.java:428)
at org.openqa.selenium.By$ByXPath.findElement(By.java:353)
at org.openqa.selenium.remote.RemoteWebDriver.findElement(RemoteWebDriver.java:315)
at org.openqa.selenium.support.pagefactory.DefaultElementLocator.findElement(DefaultElementLocator.java:69)
at org.openqa.selenium.support.pagefactory.internal.LocatingElementHandler.invoke(LocatingElementHandler.java:38)
at com.sun.proxy.$Proxy16.isDisplayed(Unknown Source)
at com.qstore.pages.HomePage.verifyMyWishList(HomePage.java:21)
at com.qstore.cases.HomePageTest.wishListTest(HomePageTest.java:39)
at java.base/jdk.internal.reflect.NativeMethodAccessorImpl.invoke0(Native Method)
at java.base/jdk.internal.reflect.NativeMethodAccessorImpl.invoke(NativeMethodAccessorImpl.java:62)
at java.base/jdk.internal.reflect.DelegatingMethodAccessorImpl.invoke(DelegatingMethodAccessorImpl.java:43)
at java.base/java.lang.reflect.Method.invoke(Method.java:566)
at org.testng.internal.invokers.MethodInvocationHelper.invokeMethod(MethodInvocationHelper.java:139)
at org.testng.internal.invokers.TestInvoker.invokeMethod(TestInvoker.java:677)
at org.testng.internal.invokers.TestInvoker.invokeTestMethod(TestInvoker.java:221)
at org.testng.internal.invokers.MethodRunner.runInSequence(MethodRunner.java:50)
at org.testng.internal.invokers.TestInvoker$MethodInvocationAgent.invoke(TestInvoker.java:962)
at org.testng.internal.invokers.TestInvoker.invokeTestMethods(TestInvoker.java:194)
at org.testng.internal.invokers.TestMethodWorker.invokeTestMethods(TestMethodWorker.java:148)
at org.testng.internal.invokers.TestMethodWorker.run(TestMethodWorker.java:128)
at java.base/java.util.ArrayList.forEach(ArrayList.java:1541)
at org.testng.TestRunner.privateRun(TestRunner.java:806)
at org.testng.TestRunner.run(TestRunner.java:601)
at org.testng.SuiteRunner.runTest(SuiteRunner.java:433)
at org.testng.SuiteRunner.runSequentially(SuiteRunner.java:427)
at org.testng.SuiteRunner.privateRun(SuiteRunner.java:387)
at org.testng.SuiteRunner.run(SuiteRunner.java:330)
at org.testng.SuiteRunnerWorker.runSuite(SuiteRunnerWorker.java:52)
at org.testng.SuiteRunnerWorker.run(SuiteRunnerWorker.java:95)
at org.testng.TestNG.runSuitesSequentially(TestNG.java:1256)
at org.testng.TestNG.runSuitesLocally(TestNG.java:1176)
at org.testng.TestNG.runSuites(TestNG.java:1099)
at org.testng.TestNG.run(TestNG.java:1067)
at org.testng.remote.AbstractRemoteTestNG.run(AbstractRemoteTestNG.java:115)
at org.testng.remote.RemoteTestNG.initAndRun(RemoteTestNG.java:251)
at org.testng.remote.RemoteTestNG.main(RemoteTestNG.java:77)
]]>
            </full-stacktrace>
          </exception> <!-- org.openqa.selenium.NoSuchElementException -->
          <reporter-output>
          </reporter-output>
        </test-method> <!-- wishListTest -->
        <test-method is-config="true" signature="ending()[pri:0, instance:com.qstore.cases.HomePageTest@235ecd9f]" started-at="2022-09-17T12:29:37 EDT" name="ending" finished-at="2022-09-17T12:29:38 EDT" duration-ms="1141" status="PASS">
          <reporter-output>
          </reporter-output>
        </test-method> <!-- ending -->
      </class> <!-- com.qstore.cases.HomePageTest -->
      <class name="com.qstore.cases.SearchResultPageTest">
        <test-method is-config="true" signature="loadConfig()[pri:0, instance:com.qstore.cases.SearchResultPageTest@793f29ff]" started-at="2022-09-17T12:28:18 EDT" name="loadConfig" finished-at="2022-09-17T12:28:19 EDT" duration-ms="349" status="PASS">
          <reporter-output>
          </reporter-output>
        </test-method> <!-- loadConfig -->
        <test-method is-config="true" signature="setup(java.lang.String)[pri:0, instance:com.qstore.cases.SearchResultPageTest@793f29ff]" started-at="2022-09-17T12:28:20 EDT" name="setup" finished-at="2022-09-17T12:28:27 EDT" duration-ms="7073" status="PASS">
          <params>
            <param index="0">
              <value>
                <![CDATA[Chrome]]>
              </value>
            </param>
          </params>
          <reporter-output>
          </reporter-output>
        </test-method> <!-- setup -->
        <test-method signature="productAvailabilityTest(java.lang.String)[pri:0, instance:com.qstore.cases.SearchResultPageTest@793f29ff]" started-at="2022-09-17T12:28:27 EDT" name="productAvailabilityTest" data-provider="searchProduct" finished-at="2022-09-17T12:28:29 EDT" duration-ms="2207" status="PASS">
          <params>
            <param index="0">
              <value>
                <![CDATA[t-shirt]]>
              </value>
            </param>
          </params>
          <reporter-output>
          </reporter-output>
        </test-method> <!-- productAvailabilityTest -->
        <test-method is-config="true" signature="ending()[pri:0, instance:com.qstore.cases.SearchResultPageTest@793f29ff]" started-at="2022-09-17T12:28:29 EDT" name="ending" finished-at="2022-09-17T12:28:30 EDT" duration-ms="1027" status="PASS">
          <reporter-output>
          </reporter-output>
        </test-method> <!-- ending -->
        <test-method is-config="true" signature="afterSuite()[pri:0, instance:com.qstore.cases.SearchResultPageTest@793f29ff]" started-at="2022-09-17T12:31:38 EDT" name="afterSuite" finished-at="2022-09-17T12:31:38 EDT" duration-ms="452" status="PASS">
          <reporter-output>
          </reporter-output>
        </test-method> <!-- afterSuite -->
      </class> <!-- com.qstore.cases.SearchResultPageTest -->
      <class name="com.qstore.cases.OrderPageTest">
        <test-method is-config="true" signature="setup(java.lang.String)[pri:0, instance:com.qstore.cases.OrderPageTest@1ca3b418]" started-at="2022-09-17T12:29:38 EDT" name="setup" finished-at="2022-09-17T12:29:42 EDT" duration-ms="3373" status="PASS">
          <params>
            <param index="0">
              <value>
                <![CDATA[Chrome]]>
              </value>
            </param>
          </params>
          <reporter-output>
          </reporter-output>
        </test-method> <!-- setup -->
        <test-method signature="verifyTotalPrice(java.lang.String)[pri:0, instance:com.qstore.cases.OrderPageTest@1ca3b418]" started-at="2022-09-17T12:29:42 EDT" name="verifyTotalPrice" data-provider="getProduct" finished-at="2022-09-17T12:29:49 EDT" duration-ms="7203" status="PASS">
          <params>
            <param index="0">
              <value>
                <![CDATA[t-shirt]]>
              </value>
            </param>
          </params>
          <reporter-output>
          </reporter-output>
        </test-method> <!-- verifyTotalPrice -->
        <test-method is-config="true" signature="ending()[pri:0, instance:com.qstore.cases.OrderPageTest@1ca3b418]" started-at="2022-09-17T12:29:49 EDT" name="ending" finished-at="2022-09-17T12:29:50 EDT" duration-ms="1092" status="PASS">
          <reporter-output>
          </reporter-output>
        </test-method> <!-- ending -->
      </class> <!-- com.qstore.cases.OrderPageTest -->
      <class name="com.qstore.cases.LoginPageTest">
        <test-method is-config="true" signature="setup(java.lang.String)[pri:0, instance:com.qstore.cases.LoginPageTest@58cbafc2]" started-at="2022-09-17T12:29:50 EDT" name="setup" finished-at="2022-09-17T12:29:53 EDT" duration-ms="2771" status="PASS">
          <params>
            <param index="0">
              <value>
                <![CDATA[Chrome]]>
              </value>
            </param>
          </params>
          <reporter-output>
          </reporter-output>
        </test-method> <!-- setup -->
        <test-method signature="loginTest(java.lang.String,java.lang.String)[pri:0, instance:com.qstore.cases.LoginPageTest@58cbafc2]" started-at="2022-09-17T12:29:53 EDT" name="loginTest" data-provider="credentials" finished-at="2022-09-17T12:29:58 EDT" duration-ms="5775" status="PASS">
          <params>
            <param index="0">
              <value>
                <![CDATA[admin@xyz.com]]>
              </value>
            </param>
            <param index="1">
              <value>
                <![CDATA[admin@123]]>
              </value>
            </param>
          </params>
          <reporter-output>
          </reporter-output>
        </test-method> <!-- loginTest -->
        <test-method is-config="true" signature="ending()[pri:0, instance:com.qstore.cases.LoginPageTest@58cbafc2]" started-at="2022-09-17T12:29:58 EDT" name="ending" finished-at="2022-09-17T12:30:00 EDT" duration-ms="1509" status="PASS">
          <reporter-output>
          </reporter-output>
        </test-method> <!-- ending -->
        <test-method is-config="true" signature="setup(java.lang.String)[pri:0, instance:com.qstore.cases.LoginPageTest@58cbafc2]" started-at="2022-09-17T12:30:00 EDT" name="setup" finished-at="2022-09-17T12:30:08 EDT" duration-ms="7967" status="PASS">
          <params>
            <param index="0">
              <value>
                <![CDATA[Chrome]]>
              </value>
            </param>
          </params>
          <reporter-output>
          </reporter-output>
        </test-method> <!-- setup -->
        <test-method signature="loginTest(java.lang.String,java.lang.String)[pri:0, instance:com.qstore.cases.LoginPageTest@58cbafc2]" started-at="2022-09-17T12:30:08 EDT" name="loginTest" data-provider="credentials" finished-at="2022-09-17T12:30:18 EDT" duration-ms="9701" status="FAIL">
          <params>
            <param index="0">
              <value>
                <![CDATA[]]>
              </value>
            </param>
            <param index="1">
              <value>
                <![CDATA[]]>
              </value>
            </param>
          </params>
          <exception class="java.lang.AssertionError">
            <message>
              <![CDATA[expected [http://automationpractice.com/index.php?controller=my-account] but found [http://automationpractice.com/index.php?controller=authentication]]]>
            </message>
            <full-stacktrace>
              <![CDATA[java.lang.AssertionError: expected [http://automationpractice.com/index.php?controller=my-account] but found [http://automationpractice.com/index.php?controller=authentication]
at org.testng.Assert.fail(Assert.java:110)
at org.testng.Assert.failNotEquals(Assert.java:1413)
at org.testng.Assert.assertEqualsImpl(Assert.java:149)
at org.testng.Assert.assertEquals(Assert.java:131)
at org.testng.Assert.assertEquals(Assert.java:655)
at org.testng.Assert.assertEquals(Assert.java:665)
at com.qstore.cases.LoginPageTest.loginTest(LoginPageTest.java:44)
at java.base/jdk.internal.reflect.NativeMethodAccessorImpl.invoke0(Native Method)
at java.base/jdk.internal.reflect.NativeMethodAccessorImpl.invoke(NativeMethodAccessorImpl.java:62)
at java.base/jdk.internal.reflect.DelegatingMethodAccessorImpl.invoke(DelegatingMethodAccessorImpl.java:43)
at java.base/java.lang.reflect.Method.invoke(Method.java:566)
at org.testng.internal.invokers.MethodInvocationHelper.invokeMethod(MethodInvocationHelper.java:139)
at org.testng.internal.invokers.TestInvoker.invokeMethod(TestInvoker.java:677)
at org.testng.internal.invokers.TestInvoker.invokeTestMethod(TestInvoker.java:221)
at org.testng.internal.invokers.MethodRunner.runInSequence(MethodRunner.java:50)
at org.testng.internal.invokers.TestInvoker$MethodInvocationAgent.invoke(TestInvoker.java:962)
at org.testng.internal.invokers.TestInvoker.invokeTestMethods(TestInvoker.java:194)
at org.testng.internal.invokers.TestMethodWorker.invokeTestMethods(TestMethodWorker.java:148)
at org.testng.internal.invokers.TestMethodWorker.run(TestMethodWorker.java:128)
at java.base/java.util.ArrayList.forEach(ArrayList.java:1541)
at org.testng.TestRunner.privateRun(TestRunner.java:806)
at org.testng.TestRunner.run(TestRunner.java:601)
at org.testng.SuiteRunner.runTest(SuiteRunner.java:433)
at org.testng.SuiteRunner.runSequentially(SuiteRunner.java:427)
at org.testng.SuiteRunner.privateRun(SuiteRunner.java:387)
at org.testng.SuiteRunner.run(SuiteRunner.java:330)
at org.testng.SuiteRunnerWorker.runSuite(SuiteRunnerWorker.java:52)
at org.testng.SuiteRunnerWorker.run(SuiteRunnerWorker.java:95)
at org.testng.TestNG.runSuitesSequentially(TestNG.java:1256)
at org.testng.TestNG.runSuitesLocally(TestNG.java:1176)
at org.testng.TestNG.runSuites(TestNG.java:1099)
at org.testng.TestNG.run(TestNG.java:1067)
at org.testng.remote.AbstractRemoteTestNG.run(AbstractRemoteTestNG.java:115)
at org.testng.remote.RemoteTestNG.initAndRun(RemoteTestNG.java:251)
at org.testng.remote.RemoteTestNG.main(RemoteTestNG.java:77)
]]>
            </full-stacktrace>
          </exception> <!-- java.lang.AssertionError -->
          <reporter-output>
          </reporter-output>
        </test-method> <!-- loginTest -->
        <test-method is-config="true" signature="ending()[pri:0, instance:com.qstore.cases.LoginPageTest@58cbafc2]" started-at="2022-09-17T12:30:18 EDT" name="ending" finished-at="2022-09-17T12:30:19 EDT" duration-ms="1044" status="PASS">
          <reporter-output>
          </reporter-output>
        </test-method> <!-- ending -->
      </class> <!-- com.qstore.cases.LoginPageTest -->
      <class name="com.qstore.cases.AddToCartPageTest">
        <test-method is-config="true" signature="setup(java.lang.String)[pri:0, instance:com.qstore.cases.AddToCartPageTest@2034b64c]" started-at="2022-09-17T12:30:19 EDT" name="setup" finished-at="2022-09-17T12:30:24 EDT" duration-ms="4891" status="PASS">
          <params>
            <param index="0">
              <value>
                <![CDATA[Chrome]]>
              </value>
            </param>
          </params>
          <reporter-output>
          </reporter-output>
        </test-method> <!-- setup -->
        <test-method signature="addToCartTest(java.lang.String)[pri:0, instance:com.qstore.cases.AddToCartPageTest@2034b64c]" started-at="2022-09-17T12:30:24 EDT" name="addToCartTest" data-provider="getProduct" finished-at="2022-09-17T12:30:30 EDT" duration-ms="6549" status="PASS">
          <params>
            <param index="0">
              <value>
                <![CDATA[t-shirt]]>
              </value>
            </param>
          </params>
          <reporter-output>
          </reporter-output>
        </test-method> <!-- addToCartTest -->
        <test-method is-config="true" signature="ending()[pri:0, instance:com.qstore.cases.AddToCartPageTest@2034b64c]" started-at="2022-09-17T12:30:30 EDT" name="ending" finished-at="2022-09-17T12:30:32 EDT" duration-ms="1124" status="PASS">
          <reporter-output>
          </reporter-output>
        </test-method> <!-- ending -->
      </class> <!-- com.qstore.cases.AddToCartPageTest -->
      <class name="com.qstore.cases.EndToEndTest">
        <test-method is-config="true" signature="setup(java.lang.String)[pri:0, instance:com.qstore.cases.EndToEndTest@7161d8d1]" started-at="2022-09-17T12:30:49 EDT" name="setup" finished-at="2022-09-17T12:30:52 EDT" duration-ms="2951" status="PASS">
          <params>
            <param index="0">
              <value>
                <![CDATA[Chrome]]>
              </value>
            </param>
          </params>
          <reporter-output>
          </reporter-output>
        </test-method> <!-- setup -->
        <test-method signature="endToEndTest(java.lang.String)[pri:0, instance:com.qstore.cases.EndToEndTest@7161d8d1]" started-at="2022-09-17T12:30:52 EDT" name="endToEndTest" data-provider="getProduct" finished-at="2022-09-17T12:31:37 EDT" duration-ms="44424" status="PASS">
          <params>
            <param index="0">
              <value>
                <![CDATA[t-shirt]]>
              </value>
            </param>
          </params>
          <reporter-output>
          </reporter-output>
        </test-method> <!-- endToEndTest -->
        <test-method is-config="true" signature="ending()[pri:0, instance:com.qstore.cases.EndToEndTest@7161d8d1]" started-at="2022-09-17T12:31:37 EDT" name="ending" finished-at="2022-09-17T12:31:38 EDT" duration-ms="1015" status="PASS">
          <reporter-output>
          </reporter-output>
        </test-method> <!-- ending -->
      </class> <!-- com.qstore.cases.EndToEndTest -->
    </test> <!-- Test_All -->
  </suite> <!-- Suite -->
</testng-results>
